<?xml version="1.0" encoding="UTF-8"?>
<testsuite xmlns:xsi="http://www.w3.org/2001/XMLSchema-instance" xsi:noNamespaceSchemaLocation="https://maven.apache.org/surefire/maven-surefire-plugin/xsd/surefire-test-report.xsd" name="The visitor must be able to register to the site and fill out his/her profile information." time="66.478" tests="1" errors="0" skipped="0" failures="0">
  <properties>
[...]
</properties>
  <testcase name="E2E01 : The visitor must be able to register to the site and fill out his/her profile information." classname="The visitor must be able to register to the site and fill out his/her profile information." time="66.478"/>
</testsuite>