<?xml version="1.0" encoding="UTF-8" standalone="no"?>
<testsuite errors="0" failures="3" name="io.cucumber.core.plugin.JUnitFormatter" skipped="0" tests="4" time="49.902">
    <testcase classname="US18 : As a registered user, I want to have a page where I can see my Credit plans and get Credit." name="TC16 : To move from the My Loans page to the Take Loan page," time="16.36">
        <failure message="element click intercepted: Element is not clickable at point (953, 955)&#10;  (Session info: chrome=120.0.6099.111)&#10;Build info: version: '4.15.0', revision: '1d14b5521b'&#10;System info: os.name: 'Windows 10', os.arch: 'amd64', os.version: '10.0', java.version: '11.0.20.1'&#10;Driver info: org.openqa.selenium.chrome.ChromeDriver&#10;Command: [304782836e2e9a6e0d59b642a6f99446, clickElement {id=AC4DAA1805478F8E2E962FC259DDC4DB_element_50}]&#10;Capabilities {acceptInsecureCerts: false, browserName: chrome, browserVersion: 120.0.6099.111, chrome: {chromedriverVersion: 120.0.6099.109 (3419140ab66..., userDataDir: C:\Users\user\AppData\Local...}, fedcm:accounts: true, goog:chromeOptions: {debuggerAddress: localhost:49584}, networkConnectionEnabled: false, pageLoadStrategy: normal, platformName: windows, proxy: Proxy(), se:cdp: ws://localhost:49584/devtoo..., se:cdpVersion: 120.0.6099.111, setWindowRect: true, strictFileInteractability: false, timeouts: {implicit: 0, pageLoad: 300000, script: 30000}, unhandledPromptBehavior: dismiss and notify, webauthn:extension:credBlob: true, webauthn:extension:largeBlob: true, webauthn:extension:minPinLength: true, webauthn:extension:prf: true, webauthn:virtualAuthenticators: true}&#10;Element: [[ChromeDriver: chrome on windows (304782836e2e9a6e0d59b642a6f99446)] -&gt; xpath: (//button[@type='submit'])[1]]&#10;Session ID: 304782836e2e9a6e0d59b642a6f99446" type="org.openqa.selenium.ElementClickInterceptedException">
            <![CDATA[* The visitor enters the site with the given "Url"..........................passed
* Click on the login button.................................................passed
* The registered "usernameIsmail" is entered in the Username Or Email box...passed
* Registered user "password" is entered in the Your Password box............passed
* Click on the login button to log in.......................................failed
* Click on the Take Loan button.............................................skipped
* Click on the basic loan button............................................skipped
* Click on the Test Loan Apply Now button...................................skipped
* A number between "5000" and "15000" is entered in the Enter An Amount box.skipped
* Click on the Confirm button...............................................skipped
* Click on the Apply button under the Application Form Text.................skipped
* Verify that the Take Loan tab is visible..................................skipped
* Click on the Take Loan button.............................................skipped
* Verify that Loan Plans appears on the page that opens.....................skipped
* Close the page............................................................skipped

StackTrace:
org.openqa.selenium.ElementClickInterceptedException: element click intercepted: Element is not clickable at point (953, 955)
  (Session info: chrome=120.0.6099.111)
Build info: version: '4.15.0', revision: '1d14b5521b'
System info: os.name: 'Windows 10', os.arch: 'amd64', os.version: '10.0', java.version: '11.0.20.1'
Driver info: org.openqa.selenium.chrome.ChromeDriver
Command: [304782836e2e9a6e0d59b642a6f99446, clickElement {id=AC4DAA1805478F8E2E962FC259DDC4DB_element_50}]
Capabilities {acceptInsecureCerts: false, browserName: chrome, browserVersion: 120.0.6099.111, chrome: {chromedriverVersion: 120.0.6099.109 (3419140ab66..., userDataDir: C:\Users\user\AppData\Local...}, fedcm:accounts: true, goog:chromeOptions: {debuggerAddress: localhost:49584}, networkConnectionEnabled: false, pageLoadStrategy: normal, platformName: windows, proxy: Proxy(), se:cdp: ws://localhost:49584/devtoo..., se:cdpVersion: 120.0.6099.111, setWindowRect: true, strictFileInteractability: false, timeouts: {implicit: 0, pageLoad: 300000, script: 30000}, unhandledPromptBehavior: dismiss and notify, webauthn:extension:credBlob: true, webauthn:extension:largeBlob: true, webauthn:extension:minPinLength: true, webauthn:extension:prf: true, webauthn:virtualAuthenticators: true}
Element: [[ChromeDriver: chrome on windows (304782836e2e9a6e0d59b642a6f99446)] -> xpath: (//button[@type='submit'])[1]]
Session ID: 304782836e2e9a6e0d59b642a6f99446
	at java.base/jdk.internal.reflect.NativeConstructorAccessorImpl.newInstance0(Native Method)
	at java.base/jdk.internal.reflect.NativeConstructorAccessorImpl.newInstance(NativeConstructorAccessorImpl.java:62)
	at java.base/jdk.internal.reflect.DelegatingConstructorAccessorImpl.newInstance(DelegatingConstructorAccessorImpl.java:45)
	at java.base/java.lang.reflect.Constructor.newInstance(Constructor.java:490)
	at org.openqa.selenium.remote.codec.w3c.W3CHttpResponseCodec.createException(W3CHttpResponseCodec.java:200)
	at org.openqa.selenium.remote.codec.w3c.W3CHttpResponseCodec.decode(W3CHttpResponseCodec.java:133)
	at org.openqa.selenium.remote.codec.w3c.W3CHttpResponseCodec.decode(W3CHttpResponseCodec.java:52)
	at org.openqa.selenium.remote.HttpCommandExecutor.execute(HttpCommandExecutor.java:191)
	at org.openqa.selenium.remote.service.DriverCommandExecutor.invokeExecute(DriverCommandExecutor.java:200)
	at org.openqa.selenium.remote.service.DriverCommandExecutor.execute(DriverCommandExecutor.java:175)
	at org.openqa.selenium.remote.RemoteWebDriver.execute(RemoteWebDriver.java:607)
	at org.openqa.selenium.remote.RemoteWebElement.execute(RemoteWebElement.java:224)
	at org.openqa.selenium.remote.RemoteWebElement.click(RemoteWebElement.java:77)
	at java.base/jdk.internal.reflect.NativeMethodAccessorImpl.invoke0(Native Method)
	at java.base/jdk.internal.reflect.NativeMethodAccessorImpl.invoke(NativeMethodAccessorImpl.java:62)
	at java.base/jdk.internal.reflect.DelegatingMethodAccessorImpl.invoke(DelegatingMethodAccessorImpl.java:43)
	at java.base/java.lang.reflect.Method.invoke(Method.java:566)
	at org.openqa.selenium.support.pagefactory.internal.LocatingElementHandler.invoke(LocatingElementHandler.java:51)
	at com.sun.proxy.$Proxy21.click(Unknown Source)
	at stepdefinitions.US18_Ismail.click_on_the_login_button_to_log_in(US18_Ismail.java:44)
	at ✽.Click on the login button to log in.(file:///C:/Users/user/IdeaProjects/com.LoanTechExperTeam01/src/test/resources/features/US18_Ismail.feature:305)
]]>
        </failure>
    </testcase>
    <testcase classname="As an Administrator, I want to have a page on the site where I can see active users and manage balance" name="TC_07 The 'Add Balance' Button should be visible and active on the Active Users Page. When" time="20.942">
        <system-out>
            <![CDATA[* The administrator goes to the web page with the given "adminUrl"..........passed
* The administrator enters a valid "usernameHalit" in the username box......passed
* The administrator enters a valid "passwordAdmin" in the password box......passed
* The administrator clicks on the login button..............................passed
* The administrator clicks the manage users button under the Dashboard......passed
* The administrator clicks Active Users button..............................passed
* The administrator clicks  the Details button..............................passed
* The Add Balance button appears and confirms that it is active.............passed
* The administrator clicks Add Balance button...............................passed
* It is verified that the Add Balance page is opened........................passed
]]>
        </system-out>
    </testcase>
    <testcase classname="As an Administrator, I want to have a page on the site where I can see active users and manage balance" name="TC_08 The Amount and Remark text boxes on the Add Balance page should be visible and" time="9.01">
        <failure message="no such window: target window already closed&#10;from unknown error: web view not found&#10;  (Session info: chrome=120.0.6099.111)&#10;Build info: version: '4.15.0', revision: '1d14b5521b'&#10;System info: os.name: 'Windows 10', os.arch: 'amd64', os.version: '10.0', java.version: '11.0.20.1'&#10;Driver info: org.openqa.selenium.chrome.ChromeDriver&#10;Command: [498a85275f9fdb9b77d5817603a0341d, findElement {using=xpath, value=//span[text()='Manage Users']}]&#10;Capabilities {acceptInsecureCerts: false, browserName: chrome, browserVersion: 120.0.6099.111, chrome: {chromedriverVersion: 120.0.6099.109 (3419140ab66..., userDataDir: C:\Users\user\AppData\Local...}, fedcm:accounts: true, goog:chromeOptions: {debuggerAddress: localhost:49649}, networkConnectionEnabled: false, pageLoadStrategy: normal, platformName: windows, proxy: Proxy(), se:cdp: ws://localhost:49649/devtoo..., se:cdpVersion: 120.0.6099.111, setWindowRect: true, strictFileInteractability: false, timeouts: {implicit: 0, pageLoad: 300000, script: 30000}, unhandledPromptBehavior: dismiss and notify, webauthn:extension:credBlob: true, webauthn:extension:largeBlob: true, webauthn:extension:minPinLength: true, webauthn:extension:prf: true, webauthn:virtualAuthenticators: true}&#10;Session ID: 498a85275f9fdb9b77d5817603a0341d" type="org.openqa.selenium.NoSuchWindowException">
            <![CDATA[* The administrator goes to the web page with the given "adminUrl"..........passed
* The administrator enters a valid "usernameHalit" in the username box......passed
* The administrator enters a valid "passwordAdmin" in the password box......passed
* The administrator clicks on the login button..............................passed
* The administrator clicks the manage users button under the Dashboard......failed
* The administrator clicks Active Users button..............................skipped
* The administrator clicks  the Details button..............................skipped
* The administrator clicks Add Balance button...............................skipped
* Amount text box appears and it is verified that characters can be entered..skipped
* Remark text box appears and it is verified that characters can be entered..skipped

StackTrace:
org.openqa.selenium.NoSuchWindowException: no such window: target window already closed
from unknown error: web view not found
  (Session info: chrome=120.0.6099.111)
Build info: version: '4.15.0', revision: '1d14b5521b'
System info: os.name: 'Windows 10', os.arch: 'amd64', os.version: '10.0', java.version: '11.0.20.1'
Driver info: org.openqa.selenium.chrome.ChromeDriver
Command: [498a85275f9fdb9b77d5817603a0341d, findElement {using=xpath, value=//span[text()='Manage Users']}]
Capabilities {acceptInsecureCerts: false, browserName: chrome, browserVersion: 120.0.6099.111, chrome: {chromedriverVersion: 120.0.6099.109 (3419140ab66..., userDataDir: C:\Users\user\AppData\Local...}, fedcm:accounts: true, goog:chromeOptions: {debuggerAddress: localhost:49649}, networkConnectionEnabled: false, pageLoadStrategy: normal, platformName: windows, proxy: Proxy(), se:cdp: ws://localhost:49649/devtoo..., se:cdpVersion: 120.0.6099.111, setWindowRect: true, strictFileInteractability: false, timeouts: {implicit: 0, pageLoad: 300000, script: 30000}, unhandledPromptBehavior: dismiss and notify, webauthn:extension:credBlob: true, webauthn:extension:largeBlob: true, webauthn:extension:minPinLength: true, webauthn:extension:prf: true, webauthn:virtualAuthenticators: true}
Session ID: 498a85275f9fdb9b77d5817603a0341d
	at java.base/jdk.internal.reflect.NativeConstructorAccessorImpl.newInstance0(Native Method)
	at java.base/jdk.internal.reflect.NativeConstructorAccessorImpl.newInstance(NativeConstructorAccessorImpl.java:62)
	at java.base/jdk.internal.reflect.DelegatingConstructorAccessorImpl.newInstance(DelegatingConstructorAccessorImpl.java:45)
	at java.base/java.lang.reflect.Constructor.newInstance(Constructor.java:490)
	at org.openqa.selenium.remote.codec.w3c.W3CHttpResponseCodec.createException(W3CHttpResponseCodec.java:200)
	at org.openqa.selenium.remote.codec.w3c.W3CHttpResponseCodec.decode(W3CHttpResponseCodec.java:133)
	at org.openqa.selenium.remote.codec.w3c.W3CHttpResponseCodec.decode(W3CHttpResponseCodec.java:52)
	at org.openqa.selenium.remote.HttpCommandExecutor.execute(HttpCommandExecutor.java:191)
	at org.openqa.selenium.remote.service.DriverCommandExecutor.invokeExecute(DriverCommandExecutor.java:200)
	at org.openqa.selenium.remote.service.DriverCommandExecutor.execute(DriverCommandExecutor.java:175)
	at org.openqa.selenium.remote.RemoteWebDriver.execute(RemoteWebDriver.java:607)
	at org.openqa.selenium.remote.ElementLocation$ElementFinder$2.findElement(ElementLocation.java:165)
	at org.openqa.selenium.remote.ElementLocation.findElement(ElementLocation.java:59)
	at org.openqa.selenium.remote.RemoteWebDriver.findElement(RemoteWebDriver.java:364)
	at org.openqa.selenium.remote.RemoteWebDriver.findElement(RemoteWebDriver.java:358)
	at org.openqa.selenium.support.pagefactory.DefaultElementLocator.findElement(DefaultElementLocator.java:68)
	at org.openqa.selenium.support.pagefactory.internal.LocatingElementHandler.invoke(LocatingElementHandler.java:38)
	at com.sun.proxy.$Proxy21.click(Unknown Source)
	at stepdefinitions.US37_Halit.the_administrator_clicks_the_manage_users_button_under_the_dashboard(US37_Halit.java:47)
	at ✽.The administrator clicks the manage users button under the Dashboard.(file:///C:/Users/user/IdeaProjects/com.LoanTechExperTeam01/src/test/resources/features/US37_Halit.feature:12)
]]>
        </failure>
    </testcase>
    <testcase classname="As an Administrator, I want to have a page on the site where I can see active users and manage balance" name="The 'Submit Button' on the page must be visible and active. When clicked, the text" time="1.055">
        <failure message="no such window: target window already closed&#10;from unknown error: web view not found&#10;  (Session info: chrome=120.0.6099.111)&#10;Build info: version: '4.15.0', revision: '1d14b5521b'&#10;System info: os.name: 'Windows 10', os.arch: 'amd64', os.version: '10.0', java.version: '11.0.20.1'&#10;Driver info: org.openqa.selenium.chrome.ChromeDriver&#10;Command: [498a85275f9fdb9b77d5817603a0341d, get {url=https://qa.loantechexper.com/admin}]&#10;Capabilities {acceptInsecureCerts: false, browserName: chrome, browserVersion: 120.0.6099.111, chrome: {chromedriverVersion: 120.0.6099.109 (3419140ab66..., userDataDir: C:\Users\user\AppData\Local...}, fedcm:accounts: true, goog:chromeOptions: {debuggerAddress: localhost:49649}, networkConnectionEnabled: false, pageLoadStrategy: normal, platformName: windows, proxy: Proxy(), se:cdp: ws://localhost:49649/devtoo..., se:cdpVersion: 120.0.6099.111, setWindowRect: true, strictFileInteractability: false, timeouts: {implicit: 0, pageLoad: 300000, script: 30000}, unhandledPromptBehavior: dismiss and notify, webauthn:extension:credBlob: true, webauthn:extension:largeBlob: true, webauthn:extension:minPinLength: true, webauthn:extension:prf: true, webauthn:virtualAuthenticators: true}&#10;Session ID: 498a85275f9fdb9b77d5817603a0341d" type="org.openqa.selenium.NoSuchWindowException">
            <![CDATA[* The administrator goes to the web page with the given "adminUrl"..........failed
* The administrator enters a valid "usernameHalit" in the username box......skipped
* The administrator enters a valid "passwordAdmin" in the password box......skipped
* The administrator clicks on the login button..............................skipped
* The administrator clicks the manage users button under the Dashboard......skipped
* The administrator clicks Active Users button..............................skipped
* The administrator clicks  the Details button..............................skipped
* The administrator clicks Add Balance button...............................skipped
* The amount is entered in the Amount text box..............................skipped
* A description is entered in the Remark text box...........................skipped
* The Submit button appears and confirms that it is active..................skipped
* The administrator clicks Submit button....................................skipped
* It is verified that the text $ 1 added successfully is seen...............skipped

StackTrace:
org.openqa.selenium.NoSuchWindowException: no such window: target window already closed
from unknown error: web view not found
  (Session info: chrome=120.0.6099.111)
Build info: version: '4.15.0', revision: '1d14b5521b'
System info: os.name: 'Windows 10', os.arch: 'amd64', os.version: '10.0', java.version: '11.0.20.1'
Driver info: org.openqa.selenium.chrome.ChromeDriver
Command: [498a85275f9fdb9b77d5817603a0341d, get {url=https://qa.loantechexper.com/admin}]
Capabilities {acceptInsecureCerts: false, browserName: chrome, browserVersion: 120.0.6099.111, chrome: {chromedriverVersion: 120.0.6099.109 (3419140ab66..., userDataDir: C:\Users\user\AppData\Local...}, fedcm:accounts: true, goog:chromeOptions: {debuggerAddress: localhost:49649}, networkConnectionEnabled: false, pageLoadStrategy: normal, platformName: windows, proxy: Proxy(), se:cdp: ws://localhost:49649/devtoo..., se:cdpVersion: 120.0.6099.111, setWindowRect: true, strictFileInteractability: false, timeouts: {implicit: 0, pageLoad: 300000, script: 30000}, unhandledPromptBehavior: dismiss and notify, webauthn:extension:credBlob: true, webauthn:extension:largeBlob: true, webauthn:extension:minPinLength: true, webauthn:extension:prf: true, webauthn:virtualAuthenticators: true}
Session ID: 498a85275f9fdb9b77d5817603a0341d
	at java.base/jdk.internal.reflect.NativeConstructorAccessorImpl.newInstance0(Native Method)
	at java.base/jdk.internal.reflect.NativeConstructorAccessorImpl.newInstance(NativeConstructorAccessorImpl.java:62)
	at java.base/jdk.internal.reflect.DelegatingConstructorAccessorImpl.newInstance(DelegatingConstructorAccessorImpl.java:45)
	at java.base/java.lang.reflect.Constructor.newInstance(Constructor.java:490)
	at org.openqa.selenium.remote.codec.w3c.W3CHttpResponseCodec.createException(W3CHttpResponseCodec.java:200)
	at org.openqa.selenium.remote.codec.w3c.W3CHttpResponseCodec.decode(W3CHttpResponseCodec.java:133)
	at org.openqa.selenium.remote.codec.w3c.W3CHttpResponseCodec.decode(W3CHttpResponseCodec.java:52)
	at org.openqa.selenium.remote.HttpCommandExecutor.execute(HttpCommandExecutor.java:191)
	at org.openqa.selenium.remote.service.DriverCommandExecutor.invokeExecute(DriverCommandExecutor.java:200)
	at org.openqa.selenium.remote.service.DriverCommandExecutor.execute(DriverCommandExecutor.java:175)
	at org.openqa.selenium.remote.RemoteWebDriver.execute(RemoteWebDriver.java:607)
	at org.openqa.selenium.remote.RemoteWebDriver.get(RemoteWebDriver.java:309)
	at stepdefinitions.US37_Halit.the_administrator_goes_to_the_web_page_with_the_given(US37_Halit.java:27)
	at ✽.The administrator goes to the web page with the given "adminUrl".(file:///C:/Users/user/IdeaProjects/com.LoanTechExperTeam01/src/test/resources/features/US37_Halit.feature:8)
]]>
        </failure>
    </testcase>
</testsuite>
